{
  "RSpec": {
    "coverage": {
      "/Users/unni/Work/pub-sub-with-sqs/sidekiq-sqs-processor/lib/sidekiq_sqs_processor.rb": {
        "lines": [
          1,
          1,
          1,
          1,
          1,
          1,
          null,
          1,
          1,
          1,
          1,
          1,
          1,
          null,
          null,
          null,
          1,
          1,
          1,
          null,
          null,
          null,
          1,
          43,
          null,
          null,
          null,
          null,
          null,
          null,
          null,
          null,
          null,
          1,
          10,
          null,
          null,
          null,
          null,
          1,
          0,
          null,
          null,
          null,
          null,
          1,
          0,
          null,
          null,
          null,
          null,
          1,
          0,
          null,
          null,
          null,
          null,
          1,
          0,
          null,
          null,
          null,
          null,
          1,
          2,
          null,
          null,
          null,
          null,
          1,
          0,
          null,
          null,
          null,
          null,
          1,
          1,
          null,
          null,
          1,
          0,
          1,
          0,
          0,
          null,
          null,
          1,
          null,
          null,
          null,
          null,
          1,
          0,
          null,
          null,
          null,
          null,
          1,
          42,
          42,
          null,
          null,
          null,
          null,
          null,
          1,
          0,
          null,
          null,
          null,
          null,
          1,
          2357,
          null,
          null,
          null,
          null,
          null,
          1,
          4,
          null,
          null,
          null,
          null,
          null,
          null,
          null,
          1,
          null,
          2,
          null,
          null,
          2,
          1,
          null,
          null,
          null,
          null,
          1,
          1,
          null,
          null,
          null,
          null,
          null,
          null,
          1,
          1,
          null,
          null,
          1,
          null,
          null,
          null,
          null,
          null,
          1,
          0,
          null,
          null,
          null
        ]
      },
      "/Users/unni/Work/pub-sub-with-sqs/sidekiq-sqs-processor/lib/sidekiq_sqs_processor/configuration.rb": {
        "lines": [
          1,
          1,
          null,
          1,
          1,
          null,
          null,
          null,
          null,
          1,
          null,
          1,
          26,
          26,
          26,
          26,
          26,
          26,
          26,
          26,
          26,
          null,
          null,
          1,
          11,
          null,
          null,
          1,
          12,
          null,
          null,
          1,
          0,
          0,
          null,
          null,
          1,
          1,
          null,
          null,
          1,
          1,
          null,
          null,
          1,
          1,
          null,
          null,
          1,
          12,
          null,
          null,
          1,
          2,
          0,
          null,
          2,
          null,
          null,
          1,
          2,
          1,
          null,
          1,
          null,
          null,
          null,
          1,
          7,
          null,
          null,
          7,
          1,
          null,
          null,
          null,
          7,
          1,
          null,
          null,
          7,
          1,
          null,
          null,
          7,
          1,
          null,
          null,
          7,
          1,
          null,
          null,
          null,
          7,
          6,
          null,
          null,
          null,
          7,
          1,
          null,
          null,
          null,
          6,
          5,
          null,
          null,
          1,
          null,
          null,
          1,
          null,
          1,
          27,
          1,
          1,
          1,
          1,
          null,
          0,
          null,
          1,
          null,
          null,
          null,
          null
        ]
      },
      "/Users/unni/Work/pub-sub-with-sqs/sidekiq-sqs-processor/lib/sidekiq_sqs_processor/base_worker.rb": {
        "lines": [
          1,
          null,
          1,
          1,
          1,
          null,
          1,
          1,
          16,
          1,
          null,
          null,
          1,
          13,
          null,
          null,
          1,
          11,
          null,
          11,
          null,
          null,
          null,
          null,
          1,
          null,
          null,
          null,
          null,
          1,
          3,
          null,
          null,
          null,
          1,
          0,
          null,
          null,
          1,
          null,
          1,
          null,
          null,
          3,
          3,
          null,
          null,
          2,
          null,
          0,
          null,
          0,
          null,
          1,
          null,
          null,
          null,
          1,
          2,
          null,
          2,
          null,
          null,
          null,
          null,
          0,
          null,
          null,
          1,
          1,
          null,
          null,
          null,
          null,
          1,
          null,
          null,
          1,
          0,
          null,
          null,
          null
        ]
      },
      "/Users/unni/Work/pub-sub-with-sqs/sidekiq-sqs-processor/lib/sidekiq_sqs_processor/continuous_poller.rb": {
        "lines": [
          1,
          null,
          1,
          1,
          1,
          null,
          1,
          1,
          1,
          1,
          null,
          null,
          1,
          6,
          null,
          5,
          5,
          5,
          null,
          null,
          5,
          null,
          null,
          1,
          6,
          null,
          5,
          5,
          5,
          null,
          null,
          5,
          null,
          null,
          1,
          42,
          null,
          null,
          1,
          null,
          5,
          null,
          null,
          null,
          null,
          null,
          1,
          null,
          1,
          5,
          5,
          6,
          0,
          null,
          6,
          null,
          null,
          null,
          null,
          1,
          5,
          5,
          5,
          null,
          null,
          1,
          3,
          2,
          null,
          1,
          1,
          null,
          null,
          1,
          3,
          null,
          null,
          null,
          null,
          null,
          null,
          null,
          null,
          1,
          2,
          2,
          2,
          null,
          null,
          null,
          null,
          2,
          null,
          null,
          null,
          null,
          null,
          null,
          null,
          null,
          2,
          2,
          null,
          2,
          null,
          null,
          null,
          1,
          1,
          null,
          null,
          null,
          null,
          1,
          null,
          0,
          null,
          null,
          null,
          0,
          null,
          1,
          null,
          null,
          2,
          2,
          null,
          2,
          null,
          null,
          1,
          null,
          0,
          0,
          null,
          null,
          null
        ]
      }
    },
    "timestamp": 1745240873
  }
}
